<?xml version="1.0" encoding="UTF-8" standalone="no"?>
<testsuite failures="0" name="cucumber.runtime.formatter.JUnitFormatter" skipped="0" tests="2" time="23.275453">
<testcase classname="TPG Login Feature" name="TPG MyAccount Login Test Scenario" time="13.157146">
<system-out><![CDATA[Given open the browser......................................................passed
When user is already on Login Page..........................................passed
Then title of the Login Page is My Account Login page.......................passed
Then user enters "rajesh1978" and "abcd1978"................................passed
Then user clicks on Login button............................................passed
Then user on home page......................................................passed
Then logout from the home page..............................................passed
Then close the browser......................................................passed
]]></system-out>
</testcase>
<testcase classname="TPG Login Feature" name="TPG PostOffice Login Test Scenario" time="10.118307">
<system-out><![CDATA[Given open the browser......................................................passed
When user is already on Post Office Login Page..............................passed
Then title of the Login Page is Post Office Login page......................passed
Then user enters "rajesh1978" and "abcd1978" for login......................passed
Then user clicks on Login button in Post Office login page..................passed
Then logout from the post office home page..................................passed
Then close the browser......................................................passed
]]></system-out>
</testcase>
</testsuite>
