<?xml version="1.0" encoding="UTF-8" standalone="no"?>
<testsuite failures="0" name="cucumber.runtime.formatter.JUnitFormatter" skipped="0" tests="6" time="0.074741">
<testcase classname="Hooks Concept Feature" name="add cases to CapsuleCRM" time="0.07113">
<system-out><![CDATA[Given user is on cases page.................................................passed
When user fills the add case form...........................................passed
Then case is added..........................................................passed
]]></system-out>
</testcase>
<testcase classname="Hooks Concept Feature" name="add people to capsule crm" time="0.000414">
<system-out><![CDATA[Given user is on people page................................................passed
When user fills add people form.............................................passed
Then people is added........................................................passed
]]></system-out>
</testcase>
<testcase classname="Hooks Concept Feature" name="add task to capsule crm" time="0.000612">
<system-out><![CDATA[Given user is on task page..................................................passed
When user fills add task form...............................................passed
Then task is added..........................................................passed
]]></system-out>
</testcase>
<testcase classname="Hooks Concept Feature" name="add tags to capsule crm" time="0.001947">
<system-out><![CDATA[Given user is on tag page...................................................passed
When user fill add "Tester" form............................................passed
Then tag is added...........................................................passed
]]></system-out>
</testcase>
<testcase classname="Hooks Concept Feature" name="add tags to capsule crm 2" time="0.000336">
<system-out><![CDATA[Given user is on tag page...................................................passed
When user fill add "Analyst" form...........................................passed
Then tag is added...........................................................passed
]]></system-out>
</testcase>
<testcase classname="Hooks Concept Feature" name="add tags to capsule crm 3" time="0.000302">
<system-out><![CDATA[Given user is on tag page...................................................passed
When user fill add "Lead" form..............................................passed
Then tag is added...........................................................passed
]]></system-out>
</testcase>
</testsuite>
